ARM GAS  C:\Users\lzt404\AppData\Local\Temp\ccNJt14E.s 			page 1


   1              		.cpu cortex-m4
   2              		.arch armv7e-m
   3              		.fpu softvfp
   4              		.eabi_attribute 20, 1
   5              		.eabi_attribute 21, 1
   6              		.eabi_attribute 23, 3
   7              		.eabi_attribute 24, 1
   8              		.eabi_attribute 25, 1
   9              		.eabi_attribute 26, 1
  10              		.eabi_attribute 30, 1
  11              		.eabi_attribute 34, 1
  12              		.eabi_attribute 18, 4
  13              		.file	"stm32wlxx_hal_msp.c"
  14              		.text
  15              	.Ltext0:
  16              		.cfi_sections	.debug_frame
  17              		.file 1 "Core/Src/stm32wlxx_hal_msp.c"
  18              		.section	.text.HAL_MspInit,"ax",%progbits
  19              		.align	1
  20              		.global	HAL_MspInit
  21              		.syntax unified
  22              		.thumb
  23              		.thumb_func
  25              	HAL_MspInit:
  26              	.LFB723:
   1:Core/Src/stm32wlxx_hal_msp.c **** /* USER CODE BEGIN Header */
   2:Core/Src/stm32wlxx_hal_msp.c **** /**
   3:Core/Src/stm32wlxx_hal_msp.c ****   ******************************************************************************
   4:Core/Src/stm32wlxx_hal_msp.c ****   * @file         stm32wlxx_hal_msp.c
   5:Core/Src/stm32wlxx_hal_msp.c ****   * @brief        This file provides code for the MSP Initialization
   6:Core/Src/stm32wlxx_hal_msp.c ****   *               and de-Initialization codes.
   7:Core/Src/stm32wlxx_hal_msp.c ****   ******************************************************************************
   8:Core/Src/stm32wlxx_hal_msp.c ****   * @attention
   9:Core/Src/stm32wlxx_hal_msp.c ****   *
  10:Core/Src/stm32wlxx_hal_msp.c ****   * Copyright (c) 2025 STMicroelectronics.
  11:Core/Src/stm32wlxx_hal_msp.c ****   * All rights reserved.
  12:Core/Src/stm32wlxx_hal_msp.c ****   *
  13:Core/Src/stm32wlxx_hal_msp.c ****   * This software is licensed under terms that can be found in the LICENSE file
  14:Core/Src/stm32wlxx_hal_msp.c ****   * in the root directory of this software component.
  15:Core/Src/stm32wlxx_hal_msp.c ****   * If no LICENSE file comes with this software, it is provided AS-IS.
  16:Core/Src/stm32wlxx_hal_msp.c ****   *
  17:Core/Src/stm32wlxx_hal_msp.c ****   ******************************************************************************
  18:Core/Src/stm32wlxx_hal_msp.c ****   */
  19:Core/Src/stm32wlxx_hal_msp.c **** /* USER CODE END Header */
  20:Core/Src/stm32wlxx_hal_msp.c **** 
  21:Core/Src/stm32wlxx_hal_msp.c **** /* Includes ------------------------------------------------------------------*/
  22:Core/Src/stm32wlxx_hal_msp.c **** #include "main.h"
  23:Core/Src/stm32wlxx_hal_msp.c **** /* USER CODE BEGIN Includes */
  24:Core/Src/stm32wlxx_hal_msp.c **** 
  25:Core/Src/stm32wlxx_hal_msp.c **** /* USER CODE END Includes */
  26:Core/Src/stm32wlxx_hal_msp.c **** 
  27:Core/Src/stm32wlxx_hal_msp.c **** /* Private typedef -----------------------------------------------------------*/
  28:Core/Src/stm32wlxx_hal_msp.c **** /* USER CODE BEGIN TD */
  29:Core/Src/stm32wlxx_hal_msp.c **** 
  30:Core/Src/stm32wlxx_hal_msp.c **** /* USER CODE END TD */
  31:Core/Src/stm32wlxx_hal_msp.c **** 
  32:Core/Src/stm32wlxx_hal_msp.c **** /* Private define ------------------------------------------------------------*/
ARM GAS  C:\Users\lzt404\AppData\Local\Temp\ccNJt14E.s 			page 2


  33:Core/Src/stm32wlxx_hal_msp.c **** /* USER CODE BEGIN Define */
  34:Core/Src/stm32wlxx_hal_msp.c **** 
  35:Core/Src/stm32wlxx_hal_msp.c **** /* USER CODE END Define */
  36:Core/Src/stm32wlxx_hal_msp.c **** 
  37:Core/Src/stm32wlxx_hal_msp.c **** /* Private macro -------------------------------------------------------------*/
  38:Core/Src/stm32wlxx_hal_msp.c **** /* USER CODE BEGIN Macro */
  39:Core/Src/stm32wlxx_hal_msp.c **** 
  40:Core/Src/stm32wlxx_hal_msp.c **** /* USER CODE END Macro */
  41:Core/Src/stm32wlxx_hal_msp.c **** 
  42:Core/Src/stm32wlxx_hal_msp.c **** /* Private variables ---------------------------------------------------------*/
  43:Core/Src/stm32wlxx_hal_msp.c **** /* USER CODE BEGIN PV */
  44:Core/Src/stm32wlxx_hal_msp.c **** 
  45:Core/Src/stm32wlxx_hal_msp.c **** /* USER CODE END PV */
  46:Core/Src/stm32wlxx_hal_msp.c **** 
  47:Core/Src/stm32wlxx_hal_msp.c **** /* Private function prototypes -----------------------------------------------*/
  48:Core/Src/stm32wlxx_hal_msp.c **** /* USER CODE BEGIN PFP */
  49:Core/Src/stm32wlxx_hal_msp.c **** 
  50:Core/Src/stm32wlxx_hal_msp.c **** /* USER CODE END PFP */
  51:Core/Src/stm32wlxx_hal_msp.c **** 
  52:Core/Src/stm32wlxx_hal_msp.c **** /* External functions --------------------------------------------------------*/
  53:Core/Src/stm32wlxx_hal_msp.c **** /* USER CODE BEGIN ExternalFunctions */
  54:Core/Src/stm32wlxx_hal_msp.c **** 
  55:Core/Src/stm32wlxx_hal_msp.c **** /* USER CODE END ExternalFunctions */
  56:Core/Src/stm32wlxx_hal_msp.c **** 
  57:Core/Src/stm32wlxx_hal_msp.c **** /* USER CODE BEGIN 0 */
  58:Core/Src/stm32wlxx_hal_msp.c **** 
  59:Core/Src/stm32wlxx_hal_msp.c **** /* USER CODE END 0 */
  60:Core/Src/stm32wlxx_hal_msp.c **** /**
  61:Core/Src/stm32wlxx_hal_msp.c ****   * Initializes the Global MSP.
  62:Core/Src/stm32wlxx_hal_msp.c ****   */
  63:Core/Src/stm32wlxx_hal_msp.c **** void HAL_MspInit(void)
  64:Core/Src/stm32wlxx_hal_msp.c **** {
  27              		.loc 1 64 1 view -0
  28              		.cfi_startproc
  29              		@ args = 0, pretend = 0, frame = 0
  30              		@ frame_needed = 0, uses_anonymous_args = 0
  31              		@ link register save eliminated.
  65:Core/Src/stm32wlxx_hal_msp.c **** 
  66:Core/Src/stm32wlxx_hal_msp.c ****   /* USER CODE BEGIN MspInit 0 */
  67:Core/Src/stm32wlxx_hal_msp.c **** 
  68:Core/Src/stm32wlxx_hal_msp.c ****   /* USER CODE END MspInit 0 */
  69:Core/Src/stm32wlxx_hal_msp.c **** 
  70:Core/Src/stm32wlxx_hal_msp.c ****   /* System interrupt init*/
  71:Core/Src/stm32wlxx_hal_msp.c **** 
  72:Core/Src/stm32wlxx_hal_msp.c ****   /* USER CODE BEGIN MspInit 1 */
  73:Core/Src/stm32wlxx_hal_msp.c **** 
  74:Core/Src/stm32wlxx_hal_msp.c ****   /* USER CODE END MspInit 1 */
  75:Core/Src/stm32wlxx_hal_msp.c **** }
  32              		.loc 1 75 1 view .LVU1
  33 0000 7047     		bx	lr
  34              		.cfi_endproc
  35              	.LFE723:
  37              		.text
  38              	.Letext0:
  39              		.file 2 "D:/toolchain/mcu/arm-gnu-toolchain-13.3.rel1-mingw-w64-i686-arm-none-eabi/arm-none-eabi/i
  40              		.file 3 "D:/toolchain/mcu/arm-gnu-toolchain-13.3.rel1-mingw-w64-i686-arm-none-eabi/arm-none-eabi/i
  41              		.file 4 "Drivers/STM32WLxx_HAL_Driver/Inc/stm32wlxx_ll_dma.h"
ARM GAS  C:\Users\lzt404\AppData\Local\Temp\ccNJt14E.s 			page 3


ARM GAS  C:\Users\lzt404\AppData\Local\Temp\ccNJt14E.s 			page 4


DEFINED SYMBOLS
                            *ABS*:00000000 stm32wlxx_hal_msp.c
C:\Users\lzt404\AppData\Local\Temp\ccNJt14E.s:19     .text.HAL_MspInit:00000000 $t
C:\Users\lzt404\AppData\Local\Temp\ccNJt14E.s:25     .text.HAL_MspInit:00000000 HAL_MspInit

NO UNDEFINED SYMBOLS
